<!DOCTYPE html PUBLIC "-//W3C//DTD XHTML 1.1//EN" "https://www.w3.org/TR/xhtml11/DTD/xhtml11.dtd">
<html xmlns="https://www.w3.org/1999/xhtml">
<head>
<meta http-equiv="content-type" content="text/html; charset=UTF-8"/>
<title>TestNG Report</title>
<style type="text/css">table {margin-bottom:10px;border-collapse:collapse;empty-cells:show}th,td {border:1px solid #009;padding:.25em .5em}th {vertical-align:bottom}td {vertical-align:top}table a {font-weight:bold}.stripe td {background-color: #E6EBF9}.num {text-align:right}.passedodd td {background-color: #3F3}.passedeven td {background-color: #0A0}.skippedodd td {background-color: #DDD}.skippedeven td {background-color: #CCC}.failedodd td,.attn {background-color: #F33}.failedeven td,.stripe .attn {background-color: #D00}.stacktrace {white-space:pre;font-family:monospace}.totop {font-size:85%;text-align:center;border-bottom:2px solid #000}.invisible {display:none}</style>
</head>
<body>
<table>
<tr><th>Test</th><th># Passed</th><th># Skipped</th><th># Retried</th><th># Failed</th><th>Time (ms)</th><th>Included Groups</th><th>Excluded Groups</th></tr>
<tr><th colspan="8">Learning TestNG</th></tr>
<tr><td><a href="#t0">Find New Cars Test</a></td><td class="num">2</td><td class="num attn">1</td><td class="num">0</td><td class="num attn">2</td><td class="num">39,980</td><td></td><td></td></tr>
<tr class="stripe"><td><a href="#t1">Car Model And Prices Test</a></td><td class="num">4</td><td class="num attn">1</td><td class="num">0</td><td class="num">0</td><td class="num">28,534</td><td></td><td></td></tr>
<tr><th>Total</th><th class="num">6</th><th class="num attn">2</th><th class="num">0</th><th class="num attn">2</th><th class="num">68,514</th><th colspan="2"></th></tr>
</table>
<table id='summary'><thead><tr><th>Class</th><th>Method</th><th>Start</th><th>Time (ms)</th></tr></thead><tbody><tr><th colspan="4">Learning TestNG</th></tr></tbody><tbody id="t0"><tr><th colspan="4">Find New Cars Test &#8212; failed</th></tr><tr class="failedeven"><td rowspan="2">testcases.FindNewCarsTest</td><td><a href="#m0">newCarTest</a></td><td rowspan="2">1731913176978</td><td rowspan="2">18561</td></tr><tr class="failedeven"><td><a href="#m1">newCarTest</a></td></tr><tr><th colspan="4">Find New Cars Test &#8212; skipped</th></tr><tr class="skippedeven"><td rowspan="1">testcases.FindNewCarsTest</td><td><a href="#m2">newCarTest</a></td><td rowspan="1">1731913176972</td><td rowspan="1">4</td></tr><tr><th colspan="4">Find New Cars Test &#8212; passed</th></tr><tr class="passedeven"><td rowspan="2">testcases.FindNewCarsTest</td><td><a href="#m3">newCarTest</a></td><td rowspan="2">1731913196530</td><td rowspan="2">5069</td></tr><tr class="passedeven"><td><a href="#m4">newCarTest</a></td></tr></tbody>
<tbody id="t1"><tr><th colspan="4">Car Model And Prices Test &#8212; skipped</th></tr><tr class="skippedeven"><td rowspan="1">testcases.CarModelAndPricesTest</td><td><a href="#m5">carModelAndPrice</a></td><td rowspan="1">1731913218390</td><td rowspan="1">2</td></tr><tr><th colspan="4">Car Model And Prices Test &#8212; passed</th></tr><tr class="passedeven"><td rowspan="4">testcases.CarModelAndPricesTest</td><td><a href="#m6">carModelAndPrice</a></td><td rowspan="4">1731913218394</td><td rowspan="4">5681</td></tr><tr class="passedeven"><td><a href="#m7">carModelAndPrice</a></td></tr><tr class="passedeven"><td><a href="#m8">carModelAndPrice</a></td></tr><tr class="passedeven"><td><a href="#m9">carModelAndPrice</a></td></tr></tbody>
</table>
<h2>Find New Cars Test</h2><h3 id="m0">testcases.FindNewCarsTest#newCarTest</h3><table class="result"><tr class="param"><th>Parameter #1</th><th>Parameter #2</th><th>Parameter #3</th><th>Parameter #4</th></tr><tr class="param stripe"><td>chrome</td><td>Y</td><td>maruti</td><td>Maruti Cars</td></tr><tr><th colspan="4">Exception</th></tr><tr><td colspan="4"><div class="stacktrace">org.openqa.selenium.NoSuchElementException: no such element: Unable to locate element: {&quot;method&quot;:&quot;xpath&quot;,&quot;selector&quot;:&quot;//div[text()=&apos;Find New Cars&apos;]&quot;}
  (Session info: chrome=118.0.5993.89)
For documentation on this error, please visit: https://www.selenium.dev/documentation/webdriver/troubleshooting/errors#no-such-element-exception
Build info: version: &apos;4.23.1&apos;, revision: &apos;656257d8e9&apos;
System info: os.name: &apos;Windows 11&apos;, os.arch: &apos;amd64&apos;, os.version: &apos;10.0&apos;, java.version: &apos;21.0.4&apos;
Driver info: org.openqa.selenium.chrome.ChromeDriver
Command: [050ff021229c870d168fb054ff5996d8, findElement {value=//div[text()=&apos;Find New Cars&apos;], using=xpath}]
Capabilities {acceptInsecureCerts: false, browserName: chrome, browserVersion: 118.0.5993.89, chrome: {chromedriverVersion: 118.0.5993.70 (e52f33f30b91..., userDataDir: C:\Users\91733\AppData\Loca...}, fedcm:accounts: true, goog:chromeOptions: {debuggerAddress: localhost:53224}, networkConnectionEnabled: false, pageLoadStrategy: normal, platformName: windows, proxy: Proxy(), se:cdp: ws://localhost:53224/devtoo..., se:cdpVersion: 118.0.5993.89, setWindowRect: true, strictFileInteractability: false, timeouts: {implicit: 0, pageLoad: 300000, script: 30000}, unhandledPromptBehavior: dismiss and notify, webauthn:extension:credBlob: true, webauthn:extension:largeBlob: true, webauthn:extension:minPinLength: true, webauthn:extension:prf: true, webauthn:virtualAuthenticators: true}
Session ID: 050ff021229c870d168fb054ff5996d8
	at org.openqa.selenium.remote.ErrorCodec.decode(ErrorCodec.java:167)
	at org.openqa.selenium.remote.codec.w3c.W3CHttpResponseCodec.decode(W3CHttpResponseCodec.java:138)
	at org.openqa.selenium.remote.codec.w3c.W3CHttpResponseCodec.decode(W3CHttpResponseCodec.java:50)
	at org.openqa.selenium.remote.HttpCommandExecutor.execute(HttpCommandExecutor.java:190)
	at org.openqa.selenium.remote.service.DriverCommandExecutor.invokeExecute(DriverCommandExecutor.java:216)
	at org.openqa.selenium.remote.service.DriverCommandExecutor.execute(DriverCommandExecutor.java:174)
	at org.openqa.selenium.remote.RemoteWebDriver.execute(RemoteWebDriver.java:545)
	at org.openqa.selenium.remote.ElementLocation$ElementFinder$2.findElement(ElementLocation.java:165)
	at org.openqa.selenium.remote.ElementLocation.findElement(ElementLocation.java:59)
	at org.openqa.selenium.remote.RemoteWebDriver.findElement(RemoteWebDriver.java:368)
	at org.openqa.selenium.remote.RemoteWebDriver.findElement(RemoteWebDriver.java:362)
	at org.openqa.selenium.support.pagefactory.DefaultElementLocator.findElement(DefaultElementLocator.java:68)
	at org.openqa.selenium.support.pagefactory.internal.LocatingElementHandler.invoke(LocatingElementHandler.java:38)
	at jdk.proxy2/jdk.proxy2.$Proxy14.click(Unknown Source)
	at pages.HomePage.findNewCars(HomePage.java:30)
	at testcases.FindNewCarsTest.newCarTest(FindNewCarsTest.java:28)
	at java.base/java.util.ArrayList.forEach(ArrayList.java:1596)
... Removed 28 stack frames</div></td></tr></table><p class="totop"><a href="#summary">back to summary</a></p>
<h3 id="m1">testcases.FindNewCarsTest#newCarTest</h3><table class="result"><tr class="param"><th>Parameter #1</th><th>Parameter #2</th><th>Parameter #3</th><th>Parameter #4</th></tr><tr class="param stripe"><td>firefox</td><td>Y</td><td>toyota</td><td>Toyota Carss</td></tr><tr><th colspan="4">Exception</th></tr><tr><td colspan="4"><div class="stacktrace">java.lang.AssertionError: Car titles are not matching expected [true] but found [false]
	at testcases.FindNewCarsTest.newCarTest(FindNewCarsTest.java:53)
	at java.base/java.util.ArrayList.forEach(ArrayList.java:1596)
... Removed 28 stack frames</div></td></tr></table><p class="totop"><a href="#summary">back to summary</a></p>
<h3 id="m2">testcases.FindNewCarsTest#newCarTest</h3><table class="result"><tr class="param"><th>Parameter #1</th><th>Parameter #2</th><th>Parameter #3</th><th>Parameter #4</th></tr><tr class="param stripe"><td>chrome</td><td>N</td><td>tata</td><td>Tata Cars</td></tr><tr><th colspan="4">Exception</th></tr><tr><td colspan="4"><div class="stacktrace">org.testng.SkipException: Skipping the test as runmode is N
	at testcases.FindNewCarsTest.newCarTest(FindNewCarsTest.java:23)
	at java.base/java.util.ArrayList.forEach(ArrayList.java:1596)
... Removed 25 stack frames</div></td></tr></table><p class="totop"><a href="#summary">back to summary</a></p>
<h3 id="m3">testcases.FindNewCarsTest#newCarTest</h3><table class="result"><tr class="param"><th>Parameter #1</th><th>Parameter #2</th><th>Parameter #3</th><th>Parameter #4</th></tr><tr class="param stripe"><td>edge</td><td>Y</td><td>audi</td><td>Audi Cars</td></tr></table><p class="totop"><a href="#summary">back to summary</a></p>
<h3 id="m4">testcases.FindNewCarsTest#newCarTest</h3><table class="result"><tr class="param"><th>Parameter #1</th><th>Parameter #2</th><th>Parameter #3</th><th>Parameter #4</th></tr><tr class="param stripe"><td>chrome</td><td>Y</td><td>bmw</td><td>BMW Cars</td></tr></table><p class="totop"><a href="#summary">back to summary</a></p>
<h2>Car Model And Prices Test</h2><h3 id="m5">testcases.CarModelAndPricesTest#carModelAndPrice</h3><table class="result"><tr class="param"><th>Parameter #1</th><th>Parameter #2</th><th>Parameter #3</th></tr><tr class="param stripe"><td>chrome</td><td>N</td><td>tata</td></tr><tr><th colspan="3">Exception</th></tr><tr><td colspan="3"><div class="stacktrace">org.testng.SkipException: Skipping the test as runmode is N
	at testcases.CarModelAndPricesTest.carModelAndPrice(CarModelAndPricesTest.java:23)
	at java.base/java.util.ArrayList.forEach(ArrayList.java:1596)
... Removed 25 stack frames</div></td></tr></table><p class="totop"><a href="#summary">back to summary</a></p>
<h3 id="m6">testcases.CarModelAndPricesTest#carModelAndPrice</h3><table class="result"><tr class="param"><th>Parameter #1</th><th>Parameter #2</th><th>Parameter #3</th></tr><tr class="param stripe"><td>chrome</td><td>Y</td><td>maruti</td></tr></table><p class="totop"><a href="#summary">back to summary</a></p>
<h3 id="m7">testcases.CarModelAndPricesTest#carModelAndPrice</h3><table class="result"><tr class="param"><th>Parameter #1</th><th>Parameter #2</th><th>Parameter #3</th></tr><tr class="param stripe"><td>chrome</td><td>Y</td><td>bmw</td></tr></table><p class="totop"><a href="#summary">back to summary</a></p>
<h3 id="m8">testcases.CarModelAndPricesTest#carModelAndPrice</h3><table class="result"><tr class="param"><th>Parameter #1</th><th>Parameter #2</th><th>Parameter #3</th></tr><tr class="param stripe"><td>firefox</td><td>Y</td><td>toyota</td></tr></table><p class="totop"><a href="#summary">back to summary</a></p>
<h3 id="m9">testcases.CarModelAndPricesTest#carModelAndPrice</h3><table class="result"><tr class="param"><th>Parameter #1</th><th>Parameter #2</th><th>Parameter #3</th></tr><tr class="param stripe"><td>edge</td><td>Y</td><td>audi</td></tr></table><p class="totop"><a href="#summary">back to summary</a></p>
</body>
</html>
